<?xml version="1.0" encoding="UTF-8"?>
<robot generator="Robot 6.0.2 (Python 3.9.13 on win32)" generated="20230127 14:34:29.772" rpa="false" schemaversion="3">
<suite id="s1" name="Demo2" source="C:\Users\40032341\robot_project\api_suite\demo2.robot">
<kw name="Create Session" library="RequestsLibrary" type="SETUP">
<arg>alias=pet shop</arg>
<arg>url=https://petstore.swagger.io/v2</arg>
<doc>Create Session: create a HTTP session to a server</doc>
<msg timestamp="20230127 14:34:29.882" level="INFO">Creating Session using : alias=pet shop, url=https://petstore.swagger.io/v2, headers={},                     cookies={}, auth=None, timeout=None, proxies=None, verify=False,                     debug=0 </msg>
<status status="PASS" starttime="20230127 14:34:29.882" endtime="20230127 14:34:29.882"/>
</kw>
<test id="s1-t1" name="TC1 Get pet" line="8">
<kw name="GET On Session" library="RequestsLibrary">
<var>${response}</var>
<arg>alias=pet shop</arg>
<arg>url=pet/500199</arg>
<doc>Sends a GET request on a previously created HTTP Session.</doc>
<msg timestamp="20230127 14:34:31.339" level="INFO">GET Request : url=https://petstore.swagger.io/v2/pet/500199 
 path_url=/v2/pet/500199 
 headers={'User-Agent': 'python-requests/2.28.2', 'Accept-Encoding': 'gzip, deflate', 'Accept': '*/*', 'Connection': 'keep-alive'} 
 body=None 
 </msg>
<msg timestamp="20230127 14:34:31.339" level="INFO">GET Response : url=https://petstore.swagger.io/v2/pet/500199 
 status=200, reason=OK 
 headers={'Date': 'Fri, 27 Jan 2023 09:04:31 GMT', 'Content-Type': 'application/json', 'Transfer-Encoding': 'chunked', 'Connection': 'keep-alive', 'Access-Control-Allow-Origin': '*', 'Access-Control-Allow-Methods': 'GET, POST, DELETE, PUT', 'Access-Control-Allow-Headers': 'Content-Type, api_key, Authorization', 'Server': 'Jetty(9.2.9.v20150224)'} 
 body={"id":500199,"category":{"id":0,"name":"string"},"name":"doggie-M","photoUrls":["string"],"tags":[{"id":0,"name":"string"}],"status":"available"} 
 </msg>
<msg timestamp="20230127 14:34:31.340" level="INFO">C:\Users\40032341\AppData\Local\Programs\Python\Python39\lib\site-packages\urllib3\connectionpool.py:1045: InsecureRequestWarning: Unverified HTTPS request is being made to host 'petstore.swagger.io'. Adding certificate verification is strongly advised. See: https://urllib3.readthedocs.io/en/1.26.x/advanced-usage.html#ssl-warnings
  warnings.warn(</msg>
<msg timestamp="20230127 14:34:31.340" level="INFO">${response} = &lt;Response [200]&gt;</msg>
<status status="PASS" starttime="20230127 14:34:29.883" endtime="20230127 14:34:31.340"/>
</kw>
<kw name="Status Should Be" library="RequestsLibrary">
<arg>200</arg>
<doc>Fails if response status code is different than the expected.</doc>
<status status="PASS" starttime="20230127 14:34:31.342" endtime="20230127 14:34:31.343"/>
</kw>
<tag>high</tag>
<tag>smoke</tag>
<status status="PASS" starttime="20230127 14:34:29.883" endtime="20230127 14:34:31.344"/>
</test>
<test id="s1-t2" name="TC4 ADD pet" line="31">
<kw name="Get Binary File" library="OperatingSystem">
<var>${json}</var>
<arg>path=${EXECDIR}${/}test_data${/}data.json</arg>
<doc>Returns the contents of a specified file.</doc>
<msg timestamp="20230127 14:34:31.347" level="INFO" html="true">Getting file '&lt;a href="file://C:\Users\40032341\robot_project\test_data\data.json"&gt;C:\Users\40032341\robot_project\test_data\data.json&lt;/a&gt;'.</msg>
<msg timestamp="20230127 14:34:31.348" level="INFO">${json} = {
  "id": 500199,
  "category": {
    "id": 0,
    "name": "string"
  },
  "name": "doggie-M",
  "photoUrls": [
    "string"
  ],
  "tags": [
    {
      "id": 0,
      "name": "string"
...</msg>
<status status="PASS" starttime="20230127 14:34:31.346" endtime="20230127 14:34:31.348"/>
</kw>
<kw name="Create Dictionary" library="BuiltIn">
<var>&amp;{headers}</var>
<arg>content-type=application/json</arg>
<doc>Creates and returns a dictionary based on the given ``items``.</doc>
<msg timestamp="20230127 14:34:31.350" level="INFO">&amp;{headers} = { content-type=application/json }</msg>
<status status="PASS" starttime="20230127 14:34:31.349" endtime="20230127 14:34:31.350"/>
</kw>
<kw name="POST On Session" library="RequestsLibrary">
<var>${response}</var>
<arg>alias=petshop</arg>
<arg>url=pet</arg>
<arg>data=${json}</arg>
<arg>headers=${headers}</arg>
<doc>Sends a POST request on a previously created HTTP Session.</doc>
<msg timestamp="20230127 14:34:31.650" level="INFO">POST Request : url=https://petstore.swagger.io/v2/pet 
 path_url=/v2/pet 
 headers={'User-Agent': 'python-requests/2.28.2', 'Accept-Encoding': 'gzip, deflate', 'Accept': '*/*', 'Connection': 'keep-alive', 'content-type': 'application/json', 'Content-Length': '239'} 
 body=b'{\r\n  "id": 500199,\r\n  "category": {\r\n    "id": 0,\r\n    "name": "string"\r\n  },\r\n  "name": "doggie-M",\r\n  "photoUrls": [\r\n    "string"\r\n  ],\r\n  "tags": [\r\n    {\r\n      "id": 0,\r\n      "name": "string"\r\n    }\r\n  ],\r\n  "status": "available"\r\n}' 
 </msg>
<msg timestamp="20230127 14:34:31.651" level="INFO">POST Response : url=https://petstore.swagger.io/v2/pet 
 status=200, reason=OK 
 headers={'Date': 'Fri, 27 Jan 2023 09:04:31 GMT', 'Content-Type': 'application/json', 'Transfer-Encoding': 'chunked', 'Connection': 'keep-alive', 'Access-Control-Allow-Origin': '*', 'Access-Control-Allow-Methods': 'GET, POST, DELETE, PUT', 'Access-Control-Allow-Headers': 'Content-Type, api_key, Authorization', 'Server': 'Jetty(9.2.9.v20150224)'} 
 body={"id":500199,"category":{"id":0,"name":"string"},"name":"doggie-M","photoUrls":["string"],"tags":[{"id":0,"name":"string"}],"status":"available"} 
 </msg>
<msg timestamp="20230127 14:34:31.651" level="INFO">C:\Users\40032341\AppData\Local\Programs\Python\Python39\lib\site-packages\urllib3\connectionpool.py:1045: InsecureRequestWarning: Unverified HTTPS request is being made to host 'petstore.swagger.io'. Adding certificate verification is strongly advised. See: https://urllib3.readthedocs.io/en/1.26.x/advanced-usage.html#ssl-warnings
  warnings.warn(</msg>
<msg timestamp="20230127 14:34:31.651" level="INFO">${response} = &lt;Response [200]&gt;</msg>
<status status="PASS" starttime="20230127 14:34:31.350" endtime="20230127 14:34:31.651"/>
</kw>
<kw name="Status Should Be" library="RequestsLibrary">
<arg>200</arg>
<doc>Fails if response status code is different than the expected.</doc>
<status status="PASS" starttime="20230127 14:34:31.653" endtime="20230127 14:34:31.653"/>
</kw>
<kw name="Log" library="BuiltIn">
<arg>${response.json()}</arg>
<doc>Logs the given message with the given level.</doc>
<msg timestamp="20230127 14:34:31.655" level="INFO">{'id': 500199, 'category': {'id': 0, 'name': 'string'}, 'name': 'doggie-M', 'photoUrls': ['string'], 'tags': [{'id': 0, 'name': 'string'}], 'status': 'available'}</msg>
<status status="PASS" starttime="20230127 14:34:31.654" endtime="20230127 14:34:31.655"/>
</kw>
<tag>smoke</tag>
<status status="PASS" starttime="20230127 14:34:31.345" endtime="20230127 14:34:31.656"/>
</test>
<status status="PASS" starttime="20230127 14:34:29.775" endtime="20230127 14:34:31.659"/>
</suite>
<statistics>
<total>
<stat pass="2" fail="0" skip="0">All Tests</stat>
</total>
<tag>
<stat pass="1" fail="0" skip="0">high</stat>
<stat pass="2" fail="0" skip="0">smoke</stat>
</tag>
<suite>
<stat pass="2" fail="0" skip="0" id="s1" name="Demo2">Demo2</stat>
</suite>
</statistics>
<errors>
</errors>
</robot>
