<?xml version="1.0" encoding="UTF-8"?>
<robot generator="Robot 6.0.2 (Python 3.9.13 on win32)" generated="20230119 14:16:38.502" rpa="false" schemaversion="3">
<suite id="s1" name="Demo3" source="C:\Users\40032341\robot_project\robot_suite\demo3.robot">
<test id="s1-t1" name="TC9" line="65">
<kw name="Log To Console" library="BuiltIn">
<arg>${MY_DETAILS}[Mobile]</arg>
<doc>Logs the given message to the console.</doc>
<status status="PASS" starttime="20230119 14:16:38.537" endtime="20230119 14:16:38.537"/>
</kw>
<status status="PASS" starttime="20230119 14:16:38.537" endtime="20230119 14:16:38.537"/>
</test>
<status status="PASS" starttime="20230119 14:16:38.505" endtime="20230119 14:16:38.537"/>
</suite>
<statistics>
<total>
<stat pass="1" fail="0" skip="0">All Tests</stat>
</total>
<tag>
</tag>
<suite>
<stat pass="1" fail="0" skip="0" id="s1" name="Demo3">Demo3</stat>
</suite>
</statistics>
<errors>
</errors>
</robot>
