<?xml version="1.0" encoding="UTF-8"?>
<robot generator="Robot 6.0.2 (Python 3.9.13 on win32)" generated="20230123 16:09:59.352" rpa="false" schemaversion="3">
<suite id="s1" name="Demo4 Uiselector" source="C:\Users\40032341\robot_project\appium_suite\demo4_uiselector.robot">
<test id="s1-t1" name="TC1" line="5">
<kw name="Open Application" library="AppiumLibrary">
<arg>remote_url=http://localhost:4723/wd/hub</arg>
<arg>platformName=android</arg>
<arg>deviceName=Redmi</arg>
<arg>app=C:\\Users\\40032341\\khan-academy-7-3-2.apk</arg>
<doc>Opens a new application to given Appium server.
Capabilities of appium server, Android and iOS,
Please check https://github.com/appium/appium/blob/master/docs/en/writing-running-appium/server-args.md
| *Option*            | *Man.* | *Description*     |
| remote_url          | Yes    | Appium server url |
| alias               | no     | alias             |
| strict_ssl          | No     | allows you to send commands to an invalid certificate host like a self-signed one. |</doc>
<status status="PASS" starttime="20230123 16:09:59.700" endtime="20230123 16:10:25.103"/>
</kw>
<kw name="Run Keyword And Ignore Error" library="BuiltIn">
<arg>Wait Until Page Contains Element</arg>
<arg>android=UiSelector().text("Dismiss")</arg>
<arg>30s</arg>
<doc>Runs the given keyword with the given arguments and ignores possible error.</doc>
<kw name="Wait Until Page Contains Element" library="AppiumLibrary">
<arg>android=UiSelector().text("Dismiss")</arg>
<arg>30s</arg>
<doc>Waits until element specified with `locator` appears on current page.</doc>
<status status="PASS" starttime="20230123 16:10:25.104" endtime="20230123 16:10:28.277"/>
</kw>
<status status="PASS" starttime="20230123 16:10:25.104" endtime="20230123 16:10:28.277"/>
</kw>
<kw name="Run Keyword And Ignore Error" library="BuiltIn">
<arg>Click Element</arg>
<arg>android=UiSelector().text("Dismiss")</arg>
<doc>Runs the given keyword with the given arguments and ignores possible error.</doc>
<kw name="Click Element" library="AppiumLibrary">
<arg>android=UiSelector().text("Dismiss")</arg>
<doc>Click element identified by `locator`.</doc>
<msg timestamp="20230123 16:10:28.281" level="INFO">Clicking element 'android=UiSelector().text("Dismiss")'.</msg>
<status status="PASS" starttime="20230123 16:10:28.277" endtime="20230123 16:10:28.404"/>
</kw>
<status status="PASS" starttime="20230123 16:10:28.277" endtime="20230123 16:10:28.404"/>
</kw>
<kw name="Wait Until Page Contains Element" library="AppiumLibrary">
<arg>android=UiSelector().description("Settings")</arg>
<arg>30s</arg>
<doc>Waits until element specified with `locator` appears on current page.</doc>
<status status="PASS" starttime="20230123 16:10:28.404" endtime="20230123 16:10:29.649"/>
</kw>
<kw name="Click Element" library="AppiumLibrary">
<arg>android=UiSelector().description("Settings")</arg>
<doc>Click element identified by `locator`.</doc>
<msg timestamp="20230123 16:10:29.649" level="INFO">Clicking element 'android=UiSelector().description("Settings")'.</msg>
<status status="PASS" starttime="20230123 16:10:29.649" endtime="20230123 16:10:29.799"/>
</kw>
<kw name="Wait Until Page Contains Element" library="AppiumLibrary">
<arg>android=UiSelector().textContains("Sign in")</arg>
<arg>30s</arg>
<doc>Waits until element specified with `locator` appears on current page.</doc>
<status status="PASS" starttime="20230123 16:10:29.799" endtime="20230123 16:10:30.658"/>
</kw>
<kw name="Click Element" library="AppiumLibrary">
<arg>android=UiSelector().textContains("Sign in")</arg>
<doc>Click element identified by `locator`.</doc>
<msg timestamp="20230123 16:10:30.658" level="INFO">Clicking element 'android=UiSelector().textContains("Sign in")'.</msg>
<status status="PASS" starttime="20230123 16:10:30.658" endtime="20230123 16:10:30.842"/>
</kw>
<kw name="Wait Until Page Contains Element" library="AppiumLibrary">
<arg>android=UiSelector().textContains("Sign up with email")</arg>
<arg>30s</arg>
<doc>Waits until element specified with `locator` appears on current page.</doc>
<status status="PASS" starttime="20230123 16:10:30.850" endtime="20230123 16:10:31.538"/>
</kw>
<kw name="Click Element" library="AppiumLibrary">
<arg>android=UiSelector().textContains("Sign up with email")</arg>
<doc>Click element identified by `locator`.</doc>
<msg timestamp="20230123 16:10:31.538" level="INFO">Clicking element 'android=UiSelector().textContains("Sign up with email")'.</msg>
<status status="PASS" starttime="20230123 16:10:31.538" endtime="20230123 16:10:31.726"/>
</kw>
<kw name="Wait Until Page Contains Element" library="AppiumLibrary">
<arg>android=UiSelector().textContains("First name")</arg>
<arg>30s</arg>
<doc>Waits until element specified with `locator` appears on current page.</doc>
<status status="PASS" starttime="20230123 16:10:31.726" endtime="20230123 16:10:32.466"/>
</kw>
<kw name="Input Text" library="AppiumLibrary">
<arg>android=UiSelector().textContains("First Name")</arg>
<arg>Mukul</arg>
<doc>Types the given `text` into text field identified by `locator`.</doc>
<msg timestamp="20230123 16:10:32.466" level="INFO">Typing text 'Mukul' into text field 'android=UiSelector().textContains("First Name")'</msg>
<status status="PASS" starttime="20230123 16:10:32.466" endtime="20230123 16:10:34.133"/>
</kw>
<kw name="Wait Until Page Contains Element" library="AppiumLibrary">
<arg>android=UiSelector().textContains("Last name")</arg>
<arg>30s</arg>
<doc>Waits until element specified with `locator` appears on current page.</doc>
<status status="PASS" starttime="20230123 16:10:34.133" endtime="20230123 16:10:34.678"/>
</kw>
<kw name="Input Text" library="AppiumLibrary">
<arg>android=UiSelector().textContains("Last name")</arg>
<arg>Mangde</arg>
<doc>Types the given `text` into text field identified by `locator`.</doc>
<msg timestamp="20230123 16:10:34.678" level="INFO">Typing text 'Mangde' into text field 'android=UiSelector().textContains("Last name")'</msg>
<status status="PASS" starttime="20230123 16:10:34.678" endtime="20230123 16:10:35.322"/>
</kw>
<kw name="Wait Until Page Contains Element" library="AppiumLibrary">
<arg>android=UiSelector().textContains("Birthday")</arg>
<doc>Waits until element specified with `locator` appears on current page.</doc>
<status status="PASS" starttime="20230123 16:10:35.323" endtime="20230123 16:10:35.907"/>
</kw>
<kw name="Click Element" library="AppiumLibrary">
<arg>android=UiSelector().textContains("Birthday")</arg>
<doc>Click element identified by `locator`.</doc>
<msg timestamp="20230123 16:10:35.909" level="INFO">Clicking element 'android=UiSelector().textContains("Birthday")'.</msg>
<status status="PASS" starttime="20230123 16:10:35.907" endtime="20230123 16:10:36.077"/>
</kw>
<kw name="Wait Until Page Contains Element" library="AppiumLibrary">
<arg>android=UiSelector().resourceId("android:id/numberpicker_input").instance(0)</arg>
<arg>30s</arg>
<doc>Waits until element specified with `locator` appears on current page.</doc>
<status status="PASS" starttime="20230123 16:10:36.077" endtime="20230123 16:10:37.094"/>
</kw>
<kw name="Clear Text" library="AppiumLibrary">
<arg>android=UiSelector().resourceId("android:id/numberpicker_input").instance(0)</arg>
<doc>Clears the text field identified by `locator`.</doc>
<msg timestamp="20230123 16:10:37.102" level="INFO">Clear text field 'android=UiSelector().resourceId("android:id/numberpicker_input").instance(0)'</msg>
<status status="PASS" starttime="20230123 16:10:37.094" endtime="20230123 16:10:37.197"/>
</kw>
<kw name="Input Text" library="AppiumLibrary">
<arg>android=UiSelector().resourceId("android:id/numberpicker_input").instance(0)</arg>
<arg>Feb</arg>
<doc>Types the given `text` into text field identified by `locator`.</doc>
<msg timestamp="20230123 16:10:37.206" level="INFO">Typing text 'Feb' into text field 'android=UiSelector().resourceId("android:id/numberpicker_input").instance(0)'</msg>
<status status="PASS" starttime="20230123 16:10:37.206" endtime="20230123 16:10:37.922"/>
</kw>
<kw name="Wait Until Page Contains Element" library="AppiumLibrary">
<arg>android=UiSelector().resourceId("android:id/numberpicker_input").instance(1)</arg>
<arg>30s</arg>
<doc>Waits until element specified with `locator` appears on current page.</doc>
<status status="PASS" starttime="20230123 16:10:37.922" endtime="20230123 16:10:38.474"/>
</kw>
<kw name="Clear Text" library="AppiumLibrary">
<arg>android=UiSelector().resourceId("android:id/numberpicker_input").instance(1)</arg>
<doc>Clears the text field identified by `locator`.</doc>
<msg timestamp="20230123 16:10:38.478" level="INFO">Clear text field 'android=UiSelector().resourceId("android:id/numberpicker_input").instance(1)'</msg>
<status status="PASS" starttime="20230123 16:10:38.475" endtime="20230123 16:10:38.580"/>
</kw>
<kw name="Input Text" library="AppiumLibrary">
<arg>android=UiSelector().resourceId("android:id/numberpicker_input").instance(1)</arg>
<arg>03</arg>
<doc>Types the given `text` into text field identified by `locator`.</doc>
<msg timestamp="20230123 16:10:38.588" level="INFO">Typing text '03' into text field 'android=UiSelector().resourceId("android:id/numberpicker_input").instance(1)'</msg>
<status status="PASS" starttime="20230123 16:10:38.588" endtime="20230123 16:10:39.186"/>
</kw>
<kw name="Wait Until Page Contains Element" library="AppiumLibrary">
<arg>android=UiSelector().resourceId("android:id/numberpicker_input").instance(2)</arg>
<arg>30s</arg>
<doc>Waits until element specified with `locator` appears on current page.</doc>
<status status="PASS" starttime="20230123 16:10:39.186" endtime="20230123 16:10:39.740"/>
</kw>
<kw name="Clear Text" library="AppiumLibrary">
<arg>android=UiSelector().resourceId("android:id/numberpicker_input").instance(2)</arg>
<doc>Clears the text field identified by `locator`.</doc>
<msg timestamp="20230123 16:10:39.748" level="INFO">Clear text field 'android=UiSelector().resourceId("android:id/numberpicker_input").instance(2)'</msg>
<status status="PASS" starttime="20230123 16:10:39.740" endtime="20230123 16:10:39.851"/>
</kw>
<kw name="Input Text" library="AppiumLibrary">
<arg>android=UiSelector().resourceId("android:id/numberpicker_input").instance(2)</arg>
<arg>2000</arg>
<doc>Types the given `text` into text field identified by `locator`.</doc>
<msg timestamp="20230123 16:10:39.859" level="INFO">Typing text '2000' into text field 'android=UiSelector().resourceId("android:id/numberpicker_input").instance(2)'</msg>
<status status="PASS" starttime="20230123 16:10:39.851" endtime="20230123 16:10:40.473"/>
</kw>
<kw name="Click Element" library="AppiumLibrary">
<arg>android=UiSelector().textContains("OK")</arg>
<doc>Click element identified by `locator`.</doc>
<msg timestamp="20230123 16:10:40.476" level="INFO">Clicking element 'android=UiSelector().textContains("OK")'.</msg>
<status status="PASS" starttime="20230123 16:10:40.474" endtime="20230123 16:10:41.185"/>
</kw>
<kw name="Wait Until Page Contains Element" library="AppiumLibrary">
<arg>android=UiSelector().textContains("Email address")</arg>
<arg>30s</arg>
<doc>Waits until element specified with `locator` appears on current page.</doc>
<status status="PASS" starttime="20230123 16:10:41.185" endtime="20230123 16:10:41.809"/>
</kw>
<kw name="Input Text" library="AppiumLibrary">
<arg>android=UiSelector().textContains("Email address")</arg>
<arg>mukul@gmail.com</arg>
<doc>Types the given `text` into text field identified by `locator`.</doc>
<msg timestamp="20230123 16:10:41.809" level="INFO">Typing text 'mukul@gmail.com' into text field 'android=UiSelector().textContains("Email address")'</msg>
<status status="PASS" starttime="20230123 16:10:41.809" endtime="20230123 16:10:42.485"/>
</kw>
<kw name="Input Text" library="AppiumLibrary">
<arg>android=UiSelector().textContains("Password")</arg>
<arg>123456</arg>
<doc>Types the given `text` into text field identified by `locator`.</doc>
<msg timestamp="20230123 16:10:42.485" level="INFO">Typing text '123456' into text field 'android=UiSelector().textContains("Password")'</msg>
<status status="PASS" starttime="20230123 16:10:42.485" endtime="20230123 16:10:43.672"/>
</kw>
<kw name="Click Element" library="AppiumLibrary">
<arg>android=UiSelector().textContains("CREATE")</arg>
<doc>Click element identified by `locator`.</doc>
<msg timestamp="20230123 16:10:43.672" level="INFO">Clicking element 'android=UiSelector().textContains("CREATE")'.</msg>
<status status="PASS" starttime="20230123 16:10:43.672" endtime="20230123 16:10:44.376"/>
</kw>
<kw name="Wait Until Page Contains Element" library="AppiumLibrary">
<arg>android=UiSelector().textContains("Invalid password")</arg>
<arg>30s</arg>
<doc>Waits until element specified with `locator` appears on current page.</doc>
<status status="PASS" starttime="20230123 16:10:44.376" endtime="20230123 16:10:46.227"/>
</kw>
<kw name="Element Should Contain Text" library="AppiumLibrary">
<arg>android=UiSelector().textContains("Invalid")</arg>
<arg>Invalid password</arg>
<doc>Verifies element identified by ``locator`` contains text ``expected``.</doc>
<msg timestamp="20230123 16:10:46.227" level="INFO">Verifying element 'android=UiSelector().textContains("Invalid")' contains text 'Invalid password'.</msg>
<status status="PASS" starttime="20230123 16:10:46.227" endtime="20230123 16:10:46.352"/>
</kw>
<status status="PASS" starttime="20230123 16:09:59.700" endtime="20230123 16:10:46.352"/>
</test>
<status status="PASS" starttime="20230123 16:09:59.356" endtime="20230123 16:10:46.360"/>
</suite>
<statistics>
<total>
<stat pass="1" fail="0" skip="0">All Tests</stat>
</total>
<tag>
</tag>
<suite>
<stat pass="1" fail="0" skip="0" id="s1" name="Demo4 Uiselector">Demo4 Uiselector</stat>
</suite>
</statistics>
<errors>
</errors>
</robot>
