<?xml version="1.0" encoding="UTF-8"?>
<robot generator="Robot 6.0.2 (Python 3.9.13 on win32)" generated="20230124 17:06:10.999" rpa="false" schemaversion="3">
<suite id="s1" name="Demo1" source="C:\Users\40032341\robot_project\selenium_suite\demo1.robot">
<test id="s1-t1" name="TC6" line="36">
<kw name="Open Browser" library="SeleniumLibrary">
<arg>browser=chrome</arg>
<doc>Opens a new browser instance to the optional ``url``.</doc>
<msg timestamp="20230124 17:06:11.333" level="INFO">Opening browser 'chrome' to base url 'None'.</msg>
<status status="PASS" starttime="20230124 17:06:11.333" endtime="20230124 17:06:13.249"/>
</kw>
<kw name="Run Keyword And Ignore Error" library="BuiltIn">
<var>@{output}</var>
<arg>Click Element</arg>
<arg>xpath=//a</arg>
<doc>Runs the given keyword with the given arguments and ignores possible error.</doc>
<kw name="Click Element" library="SeleniumLibrary">
<arg>xpath=//a</arg>
<doc>Click the element identified by ``locator``.</doc>
<msg timestamp="20230124 17:06:13.257" level="INFO">Clicking element 'xpath=//a'.</msg>
<msg timestamp="20230124 17:06:13.438" level="INFO" html="true">&lt;/td&gt;&lt;/tr&gt;&lt;tr&gt;&lt;td colspan="3"&gt;&lt;a href="selenium-screenshot-109.png"&gt;&lt;img src="selenium-screenshot-109.png" width="800px"&gt;&lt;/a&gt;</msg>
<msg timestamp="20230124 17:06:13.439" level="FAIL">Element with locator 'xpath=//a' not found.</msg>
<status status="FAIL" starttime="20230124 17:06:13.253" endtime="20230124 17:06:13.442"/>
</kw>
<msg timestamp="20230124 17:06:13.442" level="INFO">@{output} = [ FAIL | Element with locator 'xpath=//a' not found. ]</msg>
<status status="PASS" starttime="20230124 17:06:13.251" endtime="20230124 17:06:13.442"/>
</kw>
<kw name="Log To Console" library="BuiltIn">
<arg>${output}</arg>
<doc>Logs the given message to the console.</doc>
<status status="PASS" starttime="20230124 17:06:13.442" endtime="20230124 17:06:13.442"/>
</kw>
<kw name="Log To Console" library="BuiltIn">
<arg>${output}[0]</arg>
<doc>Logs the given message to the console.</doc>
<status status="PASS" starttime="20230124 17:06:13.442" endtime="20230124 17:06:13.442"/>
</kw>
<kw name="Log To Console" library="BuiltIn">
<arg>${output}[1]</arg>
<doc>Logs the given message to the console.</doc>
<status status="PASS" starttime="20230124 17:06:13.447" endtime="20230124 17:06:13.448"/>
</kw>
<kw name="Log" library="BuiltIn">
<arg>${output}</arg>
<doc>Logs the given message with the given level.</doc>
<msg timestamp="20230124 17:06:13.448" level="INFO">['FAIL', "Element with locator 'xpath=//a' not found."]</msg>
<status status="PASS" starttime="20230124 17:06:13.448" endtime="20230124 17:06:13.448"/>
</kw>
<status status="PASS" starttime="20230124 17:06:11.333" endtime="20230124 17:06:13.448"/>
</test>
<status status="PASS" starttime="20230124 17:06:10.999" endtime="20230124 17:06:13.450"/>
</suite>
<statistics>
<total>
<stat pass="1" fail="0" skip="0">All Tests</stat>
</total>
<tag>
</tag>
<suite>
<stat pass="1" fail="0" skip="0" id="s1" name="Demo1">Demo1</stat>
</suite>
</statistics>
<errors>
</errors>
</robot>
