<?xml version="1.0" encoding="UTF-8"?>
<robot generator="Robot 6.0.2 (Python 3.9.13 on win32)" generated="20230127 12:05:01.279" rpa="false" schemaversion="3">
<suite id="s1" name="Demo2" source="C:\Users\40032341\robot_project\api_suite\demo2.robot">
<kw name="Create Session" library="RequestsLibrary" type="SETUP">
<arg>alias=pet shop</arg>
<arg>url=https://petstore.swagger.io/v2</arg>
<doc>Create Session: create a HTTP session to a server</doc>
<msg timestamp="20230127 12:05:01.524" level="INFO">Creating Session using : alias=pet shop, url=https://petstore.swagger.io/v2, headers={},                     cookies={}, auth=None, timeout=None, proxies=None, verify=False,                     debug=0 </msg>
<status status="PASS" starttime="20230127 12:05:01.523" endtime="20230127 12:05:01.526"/>
</kw>
<test id="s1-t1" name="TC6 Delet pet not found" line="41">
<kw name="DELETE On Session" library="RequestsLibrary">
<var>${response}</var>
<arg>alias=petshop</arg>
<arg>url=pet/40111</arg>
<arg>expected_status=404</arg>
<doc>Sends a DELETE request on a previously created HTTP Session.</doc>
<msg timestamp="20230127 12:05:02.647" level="INFO">DELETE Request : url=https://petstore.swagger.io/v2/pet/40111 
 path_url=/v2/pet/40111 
 headers={'User-Agent': 'python-requests/2.28.2', 'Accept-Encoding': 'gzip, deflate', 'Accept': '*/*', 'Connection': 'keep-alive', 'Content-Length': '0'} 
 body=None 
 </msg>
<msg timestamp="20230127 12:05:02.647" level="INFO">DELETE Response : url=https://petstore.swagger.io/v2/pet/40111 
 status=404, reason=Not Found 
 headers={'Date': 'Fri, 27 Jan 2023 06:35:02 GMT', 'Content-Length': '0', 'Connection': 'keep-alive', 'Access-Control-Allow-Origin': '*', 'Access-Control-Allow-Methods': 'GET, POST, DELETE, PUT', 'Access-Control-Allow-Headers': 'Content-Type, api_key, Authorization', 'Server': 'Jetty(9.2.9.v20150224)'} 
 body=None 
 </msg>
<msg timestamp="20230127 12:05:02.648" level="INFO">C:\Users\40032341\AppData\Local\Programs\Python\Python39\lib\site-packages\urllib3\connectionpool.py:1045: InsecureRequestWarning: Unverified HTTPS request is being made to host 'petstore.swagger.io'. Adding certificate verification is strongly advised. See: https://urllib3.readthedocs.io/en/1.26.x/advanced-usage.html#ssl-warnings
  warnings.warn(</msg>
<msg timestamp="20230127 12:05:02.648" level="INFO">${response} = &lt;Response [404]&gt;</msg>
<status status="PASS" starttime="20230127 12:05:01.527" endtime="20230127 12:05:02.648"/>
</kw>
<kw name="Status Should Be" library="RequestsLibrary">
<arg>404</arg>
<doc>Fails if response status code is different than the expected.</doc>
<status status="PASS" starttime="20230127 12:05:02.649" endtime="20230127 12:05:02.649"/>
</kw>
<kw name="Log" library="BuiltIn">
<arg>${response}</arg>
<doc>Logs the given message with the given level.</doc>
<msg timestamp="20230127 12:05:02.650" level="INFO">&lt;Response [404]&gt;</msg>
<status status="PASS" starttime="20230127 12:05:02.649" endtime="20230127 12:05:02.650"/>
</kw>
<status status="PASS" starttime="20230127 12:05:01.526" endtime="20230127 12:05:02.651"/>
</test>
<status status="PASS" starttime="20230127 12:05:01.284" endtime="20230127 12:05:02.652"/>
</suite>
<statistics>
<total>
<stat pass="1" fail="0" skip="0">All Tests</stat>
</total>
<tag>
</tag>
<suite>
<stat pass="1" fail="0" skip="0" id="s1" name="Demo2">Demo2</stat>
</suite>
</statistics>
<errors>
</errors>
</robot>
