<?xml version="1.0" encoding="UTF-8"?>
<robot generator="Robot 6.0.2 (Python 3.9.13 on win32)" generated="20230120 17:36:13.290" rpa="false" schemaversion="3">
<suite id="s1" name="Demo1 App Launch" source="C:\Users\40032341\robot_project\appium_suite\demo1_app_launch.robot">
<test id="s1-t1" name="TC2" line="15">
<kw name="Open Application" library="AppiumLibrary">
<arg>remote_url=http://localhost:4723/wd/hub</arg>
<arg>platformName=android</arg>
<arg>deviceName=Redmi</arg>
<arg>app=C:\\Users\\40032341\\khan-academy-7-3-2.apk</arg>
<doc>Opens a new application to given Appium server.
Capabilities of appium server, Android and iOS,
Please check https://github.com/appium/appium/blob/master/docs/en/writing-running-appium/server-args.md
| *Option*            | *Man.* | *Description*     |
| remote_url          | Yes    | Appium server url |
| alias               | no     | alias             |
| strict_ssl          | No     | allows you to send commands to an invalid certificate host like a self-signed one. |</doc>
<status status="PASS" starttime="20230120 17:36:13.591" endtime="20230120 17:36:34.042"/>
</kw>
<kw name="Wait Until Page Contains Element" library="AppiumLibrary">
<arg>xpath=//*[@text='Dismiss']</arg>
<arg>30s</arg>
<doc>Waits until element specified with `locator` appears on current page.</doc>
<msg timestamp="20230120 17:36:37.592" level="INFO">xpath criteria: //*[@text='Dismiss']
xpath criteria: //*[@text='Dismiss']</msg>
<status status="PASS" starttime="20230120 17:36:34.058" endtime="20230120 17:36:37.592"/>
</kw>
<kw name="Click Element" library="AppiumLibrary">
<arg>xpath=//*[@text='Dismiss']</arg>
<doc>Click element identified by `locator`.</doc>
<msg timestamp="20230120 17:36:37.592" level="INFO">Clicking element 'xpath=//*[@text='Dismiss']'.</msg>
<msg timestamp="20230120 17:36:37.746" level="INFO">xpath criteria: //*[@text='Dismiss']</msg>
<status status="PASS" starttime="20230120 17:36:37.592" endtime="20230120 17:36:37.746"/>
</kw>
<kw name="Wait Until Page Contains Element" library="AppiumLibrary">
<arg>xpath=//android.widget.TextView[@text='Sign in']</arg>
<arg>10s</arg>
<doc>Waits until element specified with `locator` appears on current page.</doc>
<msg timestamp="20230120 17:36:38.495" level="INFO">xpath criteria: //android.widget.TextView[@text='Sign in']</msg>
<status status="PASS" starttime="20230120 17:36:37.746" endtime="20230120 17:36:38.495"/>
</kw>
<kw name="Click Element" library="AppiumLibrary">
<arg>xpath=//android.widget.TextView[@text='Sign in']</arg>
<doc>Click element identified by `locator`.</doc>
<msg timestamp="20230120 17:36:38.495" level="INFO">Clicking element 'xpath=//android.widget.TextView[@text='Sign in']'.</msg>
<msg timestamp="20230120 17:36:39.147" level="INFO">xpath criteria: //android.widget.TextView[@text='Sign in']</msg>
<status status="PASS" starttime="20230120 17:36:38.495" endtime="20230120 17:36:39.147"/>
</kw>
<kw name="Wait Until Page Contains Element" library="AppiumLibrary">
<arg>xpath=//android.widget.TextView[@text='Sign in']</arg>
<arg>10s</arg>
<doc>Waits until element specified with `locator` appears on current page.</doc>
<msg timestamp="20230120 17:36:39.965" level="INFO">xpath criteria: //android.widget.TextView[@text='Sign in']</msg>
<status status="PASS" starttime="20230120 17:36:39.147" endtime="20230120 17:36:39.965"/>
</kw>
<kw name="Click Element" library="AppiumLibrary">
<arg>xpath=//android.widget.TextView[@text='Sign in']</arg>
<doc>Click element identified by `locator`.</doc>
<msg timestamp="20230120 17:36:39.965" level="INFO">Clicking element 'xpath=//android.widget.TextView[@text='Sign in']'.</msg>
<msg timestamp="20230120 17:36:40.194" level="INFO">xpath criteria: //android.widget.TextView[@text='Sign in']</msg>
<status status="PASS" starttime="20230120 17:36:39.965" endtime="20230120 17:36:40.194"/>
</kw>
<kw name="Click Element" library="AppiumLibrary">
<arg>xpath=//android.widget.EditText[@text='Enter an e-mail address or username']</arg>
<doc>Click element identified by `locator`.</doc>
<msg timestamp="20230120 17:36:40.194" level="INFO">Clicking element 'xpath=//android.widget.EditText[@text='Enter an e-mail address or username']'.</msg>
<msg timestamp="20230120 17:36:41.114" level="INFO">xpath criteria: //android.widget.EditText[@text='Enter an e-mail address or username']</msg>
<status status="PASS" starttime="20230120 17:36:40.194" endtime="20230120 17:36:41.114"/>
</kw>
<kw name="Input Text" library="AppiumLibrary">
<arg>xpath=//android.widget.EditText[@text='Enter an e-mail address or username']</arg>
<arg>mukul</arg>
<doc>Types the given `text` into text field identified by `locator`.</doc>
<msg timestamp="20230120 17:36:41.114" level="INFO">Typing text 'mukul' into text field 'xpath=//android.widget.EditText[@text='Enter an e-mail address or username']'</msg>
<msg timestamp="20230120 17:36:42.918" level="INFO">xpath criteria: //android.widget.EditText[@text='Enter an e-mail address or username']</msg>
<status status="PASS" starttime="20230120 17:36:41.114" endtime="20230120 17:36:42.918"/>
</kw>
<kw name="Click Element" library="AppiumLibrary">
<arg>xpath=//android.widget.EditText[@text='Password']</arg>
<doc>Click element identified by `locator`.</doc>
<msg timestamp="20230120 17:36:42.918" level="INFO">Clicking element 'xpath=//android.widget.EditText[@text='Password']'.</msg>
<msg timestamp="20230120 17:36:44.741" level="INFO">xpath criteria: //android.widget.EditText[@text='Password']</msg>
<status status="PASS" starttime="20230120 17:36:42.918" endtime="20230120 17:36:44.741"/>
</kw>
<kw name="Input Text" library="AppiumLibrary">
<arg>xpath=//android.widget.EditText[@text='Password']</arg>
<arg>123456</arg>
<doc>Types the given `text` into text field identified by `locator`.</doc>
<msg timestamp="20230120 17:36:44.741" level="INFO">Typing text '123456' into text field 'xpath=//android.widget.EditText[@text='Password']'</msg>
<msg timestamp="20230120 17:36:45.643" level="INFO">xpath criteria: //android.widget.EditText[@text='Password']</msg>
<status status="PASS" starttime="20230120 17:36:44.741" endtime="20230120 17:36:45.643"/>
</kw>
<kw name="Wait Until Page Contains Element" library="AppiumLibrary">
<arg>xpath=(//android.widget.TextView[@text='Sign in'])[2]</arg>
<arg>20s</arg>
<doc>Waits until element specified with `locator` appears on current page.</doc>
<msg timestamp="20230120 17:36:46.498" level="INFO">xpath criteria: (//android.widget.TextView[@text='Sign in'])[2]</msg>
<status status="PASS" starttime="20230120 17:36:45.643" endtime="20230120 17:36:46.498"/>
</kw>
<kw name="Click Element" library="AppiumLibrary">
<arg>xpath=//android.widget.Button[@content-desc='Sign in']</arg>
<doc>Click element identified by `locator`.</doc>
<msg timestamp="20230120 17:36:46.498" level="INFO">Clicking element 'xpath=//android.widget.Button[@content-desc='Sign in']'.</msg>
<msg timestamp="20230120 17:36:46.718" level="INFO">xpath criteria: //android.widget.Button[@content-desc='Sign in']</msg>
<status status="PASS" starttime="20230120 17:36:46.498" endtime="20230120 17:36:46.718"/>
</kw>
<kw name="Wait Until Page Contains Element" library="AppiumLibrary">
<arg>xpath=//android.widget.TextView[@text='There was an issue signing in']</arg>
<arg>20s</arg>
<doc>Waits until element specified with `locator` appears on current page.</doc>
<msg timestamp="20230120 17:36:48.119" level="INFO">xpath criteria: //android.widget.TextView[@text='There was an issue signing in']
xpath criteria: //android.widget.TextView[@text='There was an issue signing in']</msg>
<status status="PASS" starttime="20230120 17:36:46.718" endtime="20230120 17:36:48.119"/>
</kw>
<kw name="Element Should Contain Text" library="AppiumLibrary">
<arg>xpath=//android.widget.TextView[@text='There was an issue signing in']</arg>
<arg>There was an issue signing in</arg>
<doc>Verifies element identified by ``locator`` contains text ``expected``.</doc>
<msg timestamp="20230120 17:36:48.119" level="INFO">Verifying element 'xpath=//android.widget.TextView[@text='There was an issue signing in']' contains text 'There was an issue signing in'.</msg>
<msg timestamp="20230120 17:36:48.849" level="INFO">xpath criteria: //android.widget.TextView[@text='There was an issue signing in']</msg>
<status status="PASS" starttime="20230120 17:36:48.119" endtime="20230120 17:36:48.849"/>
</kw>
<kw name="Close Application" library="AppiumLibrary" type="TEARDOWN">
<doc>Closes the current application and also close webdriver session.</doc>
<status status="PASS" starttime="20230120 17:36:48.849" endtime="20230120 17:36:49.388"/>
</kw>
<status status="PASS" starttime="20230120 17:36:13.591" endtime="20230120 17:36:49.398"/>
</test>
<status status="PASS" starttime="20230120 17:36:13.290" endtime="20230120 17:36:49.399"/>
</suite>
<statistics>
<total>
<stat pass="1" fail="0" skip="0">All Tests</stat>
</total>
<tag>
</tag>
<suite>
<stat pass="1" fail="0" skip="0" id="s1" name="Demo1 App Launch">Demo1 App Launch</stat>
</suite>
</statistics>
<errors>
</errors>
</robot>
