<?xml version="1.0" encoding="UTF-8"?>
<robot generator="Robot 6.0.2 (Python 3.9.13 on win32)" generated="20230131 12:28:23.227" rpa="false" schemaversion="3">
<suite id="s1" name="1 Valid Register Suite" source="C:\Users\40032341\robot_project\Final_project\2__register_suite\1_valid_register_suite.robot">
<test id="s1-t1" name="Valid_Register" line="20">
<kw name="Launch Browser and Navigate to URL" library="common_function" type="SETUP">
<kw name="Open Browser" library="SeleniumLibrary">
<arg>browser=${BROWSER_NAME}</arg>
<doc>Opens a new browser instance to the optional ``url``.</doc>
<msg timestamp="20230131 12:28:24.684" level="INFO">Opening browser 'chrome' to base url 'None'.</msg>
<status status="PASS" starttime="20230131 12:28:24.684" endtime="20230131 12:28:27.950"/>
</kw>
<kw name="Maximize Browser Window" library="SeleniumLibrary">
<doc>Maximizes current browser window.</doc>
<status status="PASS" starttime="20230131 12:28:27.950" endtime="20230131 12:28:28.075"/>
</kw>
<kw name="Set Selenium Implicit Wait" library="SeleniumLibrary">
<arg>30s</arg>
<doc>Sets the implicit wait value used by Selenium.</doc>
<status status="PASS" starttime="20230131 12:28:28.075" endtime="20230131 12:28:28.084"/>
</kw>
<kw name="Go To" library="SeleniumLibrary">
<arg>url=${url}</arg>
<doc>Navigates the current browser window to the provided ``url``.</doc>
<msg timestamp="20230131 12:28:28.084" level="INFO">Opening url 'https://www.opencart.com/'</msg>
<status status="PASS" starttime="20230131 12:28:28.084" endtime="20230131 12:28:32.057"/>
</kw>
<status status="PASS" starttime="20230131 12:28:24.653" endtime="20230131 12:28:32.057"/>
</kw>
<kw name="Valid Register Template">
<arg>mukulmangde3@gmail.com</arg>
<arg>123456789</arg>
<arg>9881</arg>
<arg>Category</arg>
<kw name="Click Element" library="SeleniumLibrary">
<arg>link=Login</arg>
<doc>Click the element identified by ``locator``.</doc>
<msg timestamp="20230131 12:28:32.059" level="INFO">Clicking element 'link=Login'.</msg>
<status status="PASS" starttime="20230131 12:28:32.059" endtime="20230131 12:28:32.974"/>
</kw>
<kw name="Input Text" library="SeleniumLibrary">
<arg>id=input-email</arg>
<arg>${mail_id}</arg>
<doc>Types the given ``text`` into the text field identified by ``locator``.</doc>
<msg timestamp="20230131 12:28:32.978" level="INFO">Typing text 'mukulmangde3@gmail.com' into text field 'id=input-email'.</msg>
<status status="PASS" starttime="20230131 12:28:32.975" endtime="20230131 12:28:33.175"/>
</kw>
<kw name="Input Password" library="SeleniumLibrary">
<arg>id=input-password</arg>
<arg>${password}</arg>
<doc>Types the given password into the text field identified by ``locator``.</doc>
<msg timestamp="20230131 12:28:33.175" level="INFO">Typing password into text field 'id=input-password'.</msg>
<msg timestamp="20230131 12:28:33.433" level="INFO">Temporally setting log level to: NONE</msg>
<msg timestamp="20230131 12:28:33.521" level="INFO">Log level changed from NONE to INFO.</msg>
<status status="PASS" starttime="20230131 12:28:33.175" endtime="20230131 12:28:33.521"/>
</kw>
<kw name="Click Element" library="SeleniumLibrary">
<arg>xpath=//button[text()='Login']</arg>
<doc>Click the element identified by ``locator``.</doc>
<msg timestamp="20230131 12:28:33.521" level="INFO">Clicking element 'xpath=//button[text()='Login']'.</msg>
<status status="PASS" starttime="20230131 12:28:33.521" endtime="20230131 12:28:45.131"/>
</kw>
<kw name="Input Password" library="SeleniumLibrary">
<arg>id=input-pin</arg>
<arg>${pin}</arg>
<doc>Types the given password into the text field identified by ``locator``.</doc>
<msg timestamp="20230131 12:28:45.139" level="INFO">Typing password into text field 'id=input-pin'.</msg>
<msg timestamp="20230131 12:28:45.204" level="INFO">Temporally setting log level to: NONE</msg>
<msg timestamp="20230131 12:28:45.284" level="INFO">Log level changed from NONE to INFO.</msg>
<status status="PASS" starttime="20230131 12:28:45.131" endtime="20230131 12:28:45.287"/>
</kw>
<kw name="Click Element" library="SeleniumLibrary">
<arg>xpath=//button[text()='Continue']</arg>
<doc>Click the element identified by ``locator``.</doc>
<msg timestamp="20230131 12:28:45.287" level="INFO">Clicking element 'xpath=//button[text()='Continue']'.</msg>
<status status="PASS" starttime="20230131 12:28:45.287" endtime="20230131 12:28:46.499"/>
</kw>
<kw name="Click Element" library="SeleniumLibrary">
<arg>xpath=//span[@class='caret']</arg>
<doc>Click the element identified by ``locator``.</doc>
<msg timestamp="20230131 12:28:46.505" level="INFO">Clicking element 'xpath=//span[@class='caret']'.</msg>
<status status="PASS" starttime="20230131 12:28:46.505" endtime="20230131 12:28:46.568"/>
</kw>
<kw name="Click Element" library="SeleniumLibrary">
<arg>xpath=//a[text()='OpenCart Books']</arg>
<doc>Click the element identified by ``locator``.</doc>
<msg timestamp="20230131 12:28:46.568" level="INFO">Clicking element 'xpath=//a[text()='OpenCart Books']'.</msg>
<status status="PASS" starttime="20230131 12:28:46.568" endtime="20230131 12:28:49.162"/>
</kw>
<kw name="Scroll Element Into View" library="SeleniumLibrary">
<arg>xpath=//a[text()='OpenCart 1.4 Template Design Cookbook']</arg>
<doc>Scrolls the element identified by ``locator`` into view.</doc>
<status status="PASS" starttime="20230131 12:28:49.162" endtime="20230131 12:28:49.479"/>
</kw>
<kw name="Click Element" library="SeleniumLibrary">
<arg>xpath=//a[text()='OpenCart 1.4 Template Design Cookbook']</arg>
<doc>Click the element identified by ``locator``.</doc>
<msg timestamp="20230131 12:28:49.479" level="INFO">Clicking element 'xpath=//a[text()='OpenCart 1.4 Template Design Cookbook']'.</msg>
<status status="PASS" starttime="20230131 12:28:49.479" endtime="20230131 12:28:49.618"/>
</kw>
<kw name="Switch Window" library="SeleniumLibrary">
<arg>Amazon.com: OpenCart 1.4 Template Design Cookbook: 9781849514309: Hasan, Tahsin: Books</arg>
<doc>Switches to browser window matching ``locator``.</doc>
<status status="PASS" starttime="20230131 12:28:49.619" endtime="20230131 12:28:54.551"/>
</kw>
<kw name="Mouse Over" library="SeleniumLibrary">
<arg>xpath=//span[text()='Account &amp; Lists']</arg>
<doc>Simulates hovering the mouse over the element ``locator``.</doc>
<msg timestamp="20230131 12:28:54.553" level="INFO">Simulating Mouse Over on element 'xpath=//span[text()='Account &amp; Lists']'.</msg>
<status status="PASS" starttime="20230131 12:28:54.551" endtime="20230131 12:28:54.911"/>
</kw>
<kw name="Click Element" library="SeleniumLibrary">
<arg>xpath=//span[text()='Kindle Unlimited']</arg>
<doc>Click the element identified by ``locator``.</doc>
<msg timestamp="20230131 12:28:54.917" level="INFO">Clicking element 'xpath=//span[text()='Kindle Unlimited']'.</msg>
<status status="PASS" starttime="20230131 12:28:54.912" endtime="20230131 12:28:57.610"/>
</kw>
<kw name="Sleep" library="BuiltIn">
<arg>2s</arg>
<doc>Pauses the test executed for the given time.</doc>
<msg timestamp="20230131 12:28:59.614" level="INFO">Slept 2 seconds</msg>
<status status="PASS" starttime="20230131 12:28:57.610" endtime="20230131 12:28:59.614"/>
</kw>
<kw name="Switch Window" library="SeleniumLibrary">
<arg>MAIN</arg>
<doc>Switches to browser window matching ``locator``.</doc>
<status status="PASS" starttime="20230131 12:28:59.614" endtime="20230131 12:28:59.652"/>
</kw>
<kw name="Click Element" library="SeleniumLibrary">
<arg>xpath=//a[text()='Marketplace']</arg>
<doc>Click the element identified by ``locator``.</doc>
<msg timestamp="20230131 12:28:59.654" level="INFO">Clicking element 'xpath=//a[text()='Marketplace']'.</msg>
<status status="PASS" starttime="20230131 12:28:59.652" endtime="20230131 12:29:01.928"/>
</kw>
<kw name="Click Element" library="SeleniumLibrary">
<arg>id=input-sort</arg>
<doc>Click the element identified by ``locator``.</doc>
<msg timestamp="20230131 12:29:01.928" level="INFO">Clicking element 'id=input-sort'.</msg>
<status status="PASS" starttime="20230131 12:29:01.928" endtime="20230131 12:29:02.076"/>
</kw>
<kw name="Click Element" library="SeleniumLibrary">
<arg>xpath=//option[text()='Rating']</arg>
<doc>Click the element identified by ``locator``.</doc>
<msg timestamp="20230131 12:29:02.080" level="INFO">Clicking element 'xpath=//option[text()='Rating']'.</msg>
<status status="PASS" starttime="20230131 12:29:02.077" endtime="20230131 12:29:04.307"/>
</kw>
<kw name="Element Should Contain" library="SeleniumLibrary">
<arg>xpath=//*[contains(text(),'Category')]</arg>
<arg>${expected}</arg>
<doc>Verifies that element ``locator`` contains text ``expected``.</doc>
<msg timestamp="20230131 12:29:04.343" level="INFO">Element 'xpath=//*[contains(text(),'Category')]' contains text 'Category'.</msg>
<status status="PASS" starttime="20230131 12:29:04.308" endtime="20230131 12:29:04.343"/>
</kw>
<kw name="Sleep" library="BuiltIn">
<arg>2s</arg>
<doc>Pauses the test executed for the given time.</doc>
<msg timestamp="20230131 12:29:06.348" level="INFO">Slept 2 seconds</msg>
<status status="PASS" starttime="20230131 12:29:04.343" endtime="20230131 12:29:06.349"/>
</kw>
<status status="PASS" starttime="20230131 12:28:32.059" endtime="20230131 12:29:06.349"/>
</kw>
<kw name="Close Browser" library="SeleniumLibrary" type="TEARDOWN">
<doc>Closes the current browser.</doc>
<status status="PASS" starttime="20230131 12:29:06.349" endtime="20230131 12:29:08.782"/>
</kw>
<status status="PASS" starttime="20230131 12:28:24.653" endtime="20230131 12:29:08.782"/>
</test>
<doc>This file contains test case related to invalid login</doc>
<status status="PASS" starttime="20230131 12:28:23.227" endtime="20230131 12:29:08.782"/>
</suite>
<statistics>
<total>
<stat pass="1" fail="0" skip="0">All Tests</stat>
</total>
<tag>
</tag>
<suite>
<stat pass="1" fail="0" skip="0" id="s1" name="1 Valid Register Suite">1 Valid Register Suite</stat>
</suite>
</statistics>
<errors>
</errors>
</robot>
